<?xml version="1.0" encoding="UTF-8"?>
<!-- Generated by org.testng.reporters.JUnitReportReporter -->
<testsuite skipped="0" hostname="DHARSHINI" name="ts_01.Bookshelf_search_without_Storagetype" tests="1" failures="0" timestamp="24 Jun 2020 14:40:56 GMT" time="152.253" errors="0">
  <testcase name="bookshelf_search_without_Storagetype" time="152.253" classname="ts_01.Bookshelf_search_without_Storagetype"/>
</testsuite> <!-- ts_01.Bookshelf_search_without_Storagetype -->
